<?xml version="1.0" encoding="UTF-8"?>
<!-- Generated by org.testng.reporters.JUnitXMLReporter -->
<testsuite ignored="1" hostname="VDXMP087727PR" failures="19" tests="24" name="FifthTest_CSV" time="5.903" errors="0" timestamp="2022-03-14T18:59:05 IST">
  <testcase classname="testcases.APITest" name="compareTest1" time="0.871">
    <skipped/>
  </testcase> <!-- compareTest1 -->
  <testcase classname="testcases.APITest" name="compareTest1" time="0.589">
    <failure type="java.lang.AssertionError" message="expected [false] but found [true]">
      <![CDATA[java.lang.AssertionError: expected [false] but found [true]
at testcases.APITest.compareTest1(APITest.java:35)
at java.base/java.util.ArrayList.forEach(ArrayList.java:1511)
... Removed 31 stack frames]]>
    </failure>
  </testcase> <!-- compareTest1 -->
  <testcase classname="testcases.APITest" name="compareTest1" time="0.241">
    <failure type="java.lang.AssertionError" message="expected [false] but found [true]">
      <![CDATA[java.lang.AssertionError: expected [false] but found [true]
at testcases.APITest.compareTest1(APITest.java:35)
at java.base/java.util.ArrayList.forEach(ArrayList.java:1511)
... Removed 31 stack frames]]>
    </failure>
  </testcase> <!-- compareTest1 -->
  <testcase classname="testcases.APITest" name="compareTest1" time="0.182">
    <failure type="java.lang.AssertionError" message="expected [false] but found [true]">
      <![CDATA[java.lang.AssertionError: expected [false] but found [true]
at testcases.APITest.compareTest1(APITest.java:35)
at java.base/java.util.ArrayList.forEach(ArrayList.java:1511)
... Removed 31 stack frames]]>
    </failure>
  </testcase> <!-- compareTest1 -->
  <testcase classname="testcases.APITest" name="compareTest1" time="0.317">
    <failure type="java.lang.AssertionError" message="expected [false] but found [true]">
      <![CDATA[java.lang.AssertionError: expected [false] but found [true]
at testcases.APITest.compareTest1(APITest.java:35)
at java.base/java.util.ArrayList.forEach(ArrayList.java:1511)
... Removed 31 stack frames]]>
    </failure>
  </testcase> <!-- compareTest1 -->
  <testcase classname="testcases.APITest" name="compareTest1" time="0.165">
    <failure type="java.lang.AssertionError" message="expected [false] but found [true]">
      <![CDATA[java.lang.AssertionError: expected [false] but found [true]
at testcases.APITest.compareTest1(APITest.java:35)
at java.base/java.util.ArrayList.forEach(ArrayList.java:1511)
... Removed 31 stack frames]]>
    </failure>
  </testcase> <!-- compareTest1 -->
  <testcase classname="testcases.APITest" name="compareTest1" time="0.202">
    <failure type="java.lang.AssertionError" message="expected [false] but found [true]">
      <![CDATA[java.lang.AssertionError: expected [false] but found [true]
at testcases.APITest.compareTest1(APITest.java:35)
at java.base/java.util.ArrayList.forEach(ArrayList.java:1511)
... Removed 31 stack frames]]>
    </failure>
  </testcase> <!-- compareTest1 -->
  <testcase classname="testcases.APITest" name="compareTest1" time="0.259">
    <failure type="java.lang.AssertionError" message="expected [false] but found [true]">
      <![CDATA[java.lang.AssertionError: expected [false] but found [true]
at testcases.APITest.compareTest1(APITest.java:35)
at java.base/java.util.ArrayList.forEach(ArrayList.java:1511)
... Removed 31 stack frames]]>
    </failure>
  </testcase> <!-- compareTest1 -->
  <testcase classname="testcases.APITest" name="compareTest1" time="0.254">
    <failure type="java.lang.AssertionError" message="expected [false] but found [true]">
      <![CDATA[java.lang.AssertionError: expected [false] but found [true]
at testcases.APITest.compareTest1(APITest.java:35)
at java.base/java.util.ArrayList.forEach(ArrayList.java:1511)
... Removed 31 stack frames]]>
    </failure>
  </testcase> <!-- compareTest1 -->
  <testcase classname="testcases.APITest" name="compareTest1" time="0.179"/>
  <testcase classname="testcases.APITest" name="compareTest1" time="0.247">
    <failure type="java.lang.AssertionError" message="expected [false] but found [true]">
      <![CDATA[java.lang.AssertionError: expected [false] but found [true]
at testcases.APITest.compareTest1(APITest.java:35)
at java.base/java.util.ArrayList.forEach(ArrayList.java:1511)
... Removed 31 stack frames]]>
    </failure>
  </testcase> <!-- compareTest1 -->
  <testcase classname="testcases.APITest" name="compareTest1" time="0.002">
    <skipped/>
  </testcase> <!-- compareTest1 -->
  <testcase classname="testcases.APITest" name="compareTest1" time="0.23">
    <failure type="java.lang.AssertionError" message="expected [false] but found [true]">
      <![CDATA[java.lang.AssertionError: expected [false] but found [true]
at testcases.APITest.compareTest1(APITest.java:35)
at java.base/java.util.ArrayList.forEach(ArrayList.java:1511)
... Removed 31 stack frames]]>
    </failure>
  </testcase> <!-- compareTest1 -->
  <testcase classname="testcases.APITest" name="compareTest1" time="0.241">
    <failure type="java.lang.AssertionError" message="expected [false] but found [true]">
      <![CDATA[java.lang.AssertionError: expected [false] but found [true]
at testcases.APITest.compareTest1(APITest.java:35)
at java.base/java.util.ArrayList.forEach(ArrayList.java:1511)
... Removed 31 stack frames]]>
    </failure>
  </testcase> <!-- compareTest1 -->
  <testcase classname="testcases.APITest" name="compareTest1" time="0.184">
    <failure type="java.lang.AssertionError" message="expected [false] but found [true]">
      <![CDATA[java.lang.AssertionError: expected [false] but found [true]
at testcases.APITest.compareTest1(APITest.java:35)
at java.base/java.util.ArrayList.forEach(ArrayList.java:1511)
... Removed 31 stack frames]]>
    </failure>
  </testcase> <!-- compareTest1 -->
  <testcase classname="testcases.APITest" name="compareTest1" time="0.164">
    <failure type="java.lang.AssertionError" message="expected [false] but found [true]">
      <![CDATA[java.lang.AssertionError: expected [false] but found [true]
at testcases.APITest.compareTest1(APITest.java:35)
at java.base/java.util.ArrayList.forEach(ArrayList.java:1511)
... Removed 31 stack frames]]>
    </failure>
  </testcase> <!-- compareTest1 -->
  <testcase classname="testcases.APITest" name="compareTest1" time="0.241">
    <failure type="java.lang.AssertionError" message="expected [false] but found [true]">
      <![CDATA[java.lang.AssertionError: expected [false] but found [true]
at testcases.APITest.compareTest1(APITest.java:35)
at java.base/java.util.ArrayList.forEach(ArrayList.java:1511)
... Removed 30 stack frames]]>
    </failure>
  </testcase> <!-- compareTest1 -->
  <testcase classname="testcases.APITest" name="compareTest1" time="0.164">
    <failure type="java.lang.AssertionError" message="expected [false] but found [true]">
      <![CDATA[java.lang.AssertionError: expected [false] but found [true]
at testcases.APITest.compareTest1(APITest.java:35)
at java.base/java.util.ArrayList.forEach(ArrayList.java:1511)
... Removed 30 stack frames]]>
    </failure>
  </testcase> <!-- compareTest1 -->
  <testcase classname="testcases.APITest" name="compareTest1" time="0.155">
    <failure type="java.lang.AssertionError" message="expected [false] but found [true]">
      <![CDATA[java.lang.AssertionError: expected [false] but found [true]
at testcases.APITest.compareTest1(APITest.java:35)
at java.base/java.util.ArrayList.forEach(ArrayList.java:1511)
... Removed 30 stack frames]]>
    </failure>
  </testcase> <!-- compareTest1 -->
  <testcase classname="testcases.APITest" name="compareTest1" time="0.232">
    <failure type="java.lang.AssertionError" message="expected [false] but found [true]">
      <![CDATA[java.lang.AssertionError: expected [false] but found [true]
at testcases.APITest.compareTest1(APITest.java:35)
at java.base/java.util.ArrayList.forEach(ArrayList.java:1511)
... Removed 30 stack frames]]>
    </failure>
  </testcase> <!-- compareTest1 -->
  <testcase classname="testcases.APITest" name="compareTest1" time="0.235">
    <failure type="java.lang.AssertionError" message="expected [false] but found [true]">
      <![CDATA[java.lang.AssertionError: expected [false] but found [true]
at testcases.APITest.compareTest1(APITest.java:35)
at java.base/java.util.ArrayList.forEach(ArrayList.java:1511)
... Removed 30 stack frames]]>
    </failure>
  </testcase> <!-- compareTest1 -->
  <testcase classname="testcases.APITest" name="compareTest1" time="0.171"/>
  <testcase classname="testcases.APITest" name="compareTest1" time="0.23">
    <failure type="java.lang.AssertionError" message="expected [false] but found [true]">
      <![CDATA[java.lang.AssertionError: expected [false] but found [true]
at testcases.APITest.compareTest1(APITest.java:35)
at java.base/java.util.ArrayList.forEach(ArrayList.java:1511)
... Removed 30 stack frames]]>
    </failure>
  </testcase> <!-- compareTest1 -->
  <testcase classname="testcases.APITest" name="compareTest1" time="0.002">
    <skipped/>
  </testcase> <!-- compareTest1 -->
  <testcase classname="testcases.APITest" name="Comparetest2" time="0.0">
    <ignored/>
  </testcase> <!-- Comparetest2 -->
</testsuite> <!-- FifthTest_CSV -->
