<?xml version="1.0" encoding="UTF-8"?>
<!-- Generated by org.testng.reporters.JUnitXMLReporter -->
<testsuite ignored="1" hostname="VDXMP087727PR" failures="4" tests="4" name="Fourthtest_CSV" time="0.78" errors="0" timestamp="2022-03-02T16:10:02 IST">
  <testcase classname="testcases.Test1" name="compareTest1" time="0.421">
    <failure type="java.lang.AssertionError" message="Expected child nodelist length &amp;apos;7&amp;apos; but was &amp;apos;9&amp;apos; - comparing &amp;lt;WorkRequests...&amp;gt; at /DPNGPricingResponse[1]/WorkRequests[1] to &amp;lt;employee...&amp;gt; at /employees[1]/employee[1] (DIFFERENT)">
      <![CDATA[java.lang.AssertionError: Expected child nodelist length '7' but was '9' - comparing <WorkRequests...> at /DPNGPricingResponse[1]/WorkRequests[1] to <employee...> at /employees[1]/employee[1] (DIFFERENT)
at baseCode.CompareXMLFiles.filterAttributeandComparefiles(CompareXMLFiles.java:79)
at testcases.Test1.compareTest1(Test1.java:28)
at java.base/java.util.ArrayList.forEach(ArrayList.java:1511)
... Removed 28 stack frames]]>
    </failure>
  </testcase> <!-- compareTest1 -->
  <testcase classname="testcases.Test1" name="compareTest1" time="0.06">
    <failure type="java.lang.AssertionError" message="Expected child nodelist length &amp;apos;7&amp;apos; but was &amp;apos;9&amp;apos; - comparing &amp;lt;WorkRequests...&amp;gt; at /DPNGPricingResponse[1]/WorkRequests[1] to &amp;lt;employee...&amp;gt; at /employees[1]/employee[1] (DIFFERENT)">
      <![CDATA[java.lang.AssertionError: Expected child nodelist length '7' but was '9' - comparing <WorkRequests...> at /DPNGPricingResponse[1]/WorkRequests[1] to <employee...> at /employees[1]/employee[1] (DIFFERENT)
at baseCode.CompareXMLFiles.filterAttributeandComparefiles(CompareXMLFiles.java:79)
at testcases.Test1.compareTest1(Test1.java:28)
at java.base/java.util.ArrayList.forEach(ArrayList.java:1511)
... Removed 28 stack frames]]>
    </failure>
  </testcase> <!-- compareTest1 -->
  <testcase classname="testcases.Test1" name="compareTest1" time="0.082">
    <failure type="java.lang.AssertionError" message="Expected child nodelist length &amp;apos;7&amp;apos; but was &amp;apos;9&amp;apos; - comparing &amp;lt;WorkRequests...&amp;gt; at /DPNGPricingResponse[1]/WorkRequests[1] to &amp;lt;employee...&amp;gt; at /employees[1]/employee[1] (DIFFERENT)">
      <![CDATA[java.lang.AssertionError: Expected child nodelist length '7' but was '9' - comparing <WorkRequests...> at /DPNGPricingResponse[1]/WorkRequests[1] to <employee...> at /employees[1]/employee[1] (DIFFERENT)
at baseCode.CompareXMLFiles.filterAttributeandComparefiles(CompareXMLFiles.java:79)
at testcases.Test1.compareTest1(Test1.java:28)
at java.base/java.util.ArrayList.forEach(ArrayList.java:1511)
... Removed 28 stack frames]]>
    </failure>
  </testcase> <!-- compareTest1 -->
  <testcase classname="testcases.Test1" name="compareTest1" time="0.064">
    <failure type="java.lang.AssertionError" message="Expected child nodelist length &amp;apos;7&amp;apos; but was &amp;apos;9&amp;apos; - comparing &amp;lt;WorkRequests...&amp;gt; at /DPNGPricingResponse[1]/WorkRequests[1] to &amp;lt;employee...&amp;gt; at /employees[1]/employee[1] (DIFFERENT)">
      <![CDATA[java.lang.AssertionError: Expected child nodelist length '7' but was '9' - comparing <WorkRequests...> at /DPNGPricingResponse[1]/WorkRequests[1] to <employee...> at /employees[1]/employee[1] (DIFFERENT)
at baseCode.CompareXMLFiles.filterAttributeandComparefiles(CompareXMLFiles.java:79)
at testcases.Test1.compareTest1(Test1.java:28)
at java.base/java.util.ArrayList.forEach(ArrayList.java:1511)
... Removed 28 stack frames]]>
    </failure>
  </testcase> <!-- compareTest1 -->
  <testcase classname="testcases.Test1" name="Comparetest2" time="0.0">
    <ignored/>
  </testcase> <!-- Comparetest2 -->
</testsuite> <!-- Fourthtest_CSV -->
