<?xml version="1.0" encoding="UTF-8"?>
<!-- Generated by org.testng.reporters.JUnitXMLReporter -->
<testsuite ignored="0" hostname="BRILAP4138" failures="21" tests="24" name="HitApi,compareXMl,TD-CSV" time="35.542" errors="0" timestamp="2022-04-20T13:56:42 IST">
  <testcase classname="testcases.TestToHitApiNcompareXMLs" name="hitApiandCompareXML" time="2.187">
    <skipped/>
  </testcase> <!-- hitApiandCompareXML -->
  <testcase classname="testcases.TestToHitApiNcompareXMLs" name="hitApiandCompareXML" time="2.421">
    <failure type="java.lang.AssertionError" message="Expected child nodelist length &amp;apos;1&amp;apos; but was &amp;apos;3&amp;apos; - comparing &amp;lt;DPNGPricingResponse...&amp;gt; at /DPNGPricingResponse[1] to &amp;lt;employees...&amp;gt; at /employees[1] (DIFFERENT)">
      <![CDATA[java.lang.AssertionError: Expected child nodelist length '1' but was '3' - comparing <DPNGPricingResponse...> at /DPNGPricingResponse[1] to <employees...> at /employees[1] (DIFFERENT)
at baseCode.CompareXMLFiles.filterAttributeandComparefiles(CompareXMLFiles.java:87)
at testcases.TestToHitApiNcompareXMLs.hitApiandCompareXML(TestToHitApiNcompareXMLs.java:33)
at java.base/java.util.ArrayList.forEach(ArrayList.java:1540)
... Removed 28 stack frames]]>
    </failure>
  </testcase> <!-- hitApiandCompareXML -->
  <testcase classname="testcases.TestToHitApiNcompareXMLs" name="hitApiandCompareXML" time="0.746">
    <failure type="java.lang.AssertionError" message="Expected child nodelist length &amp;apos;1&amp;apos; but was &amp;apos;3&amp;apos; - comparing &amp;lt;DPNGPricingResponse...&amp;gt; at /DPNGPricingResponse[1] to &amp;lt;employees...&amp;gt; at /employees[1] (DIFFERENT)">
      <![CDATA[java.lang.AssertionError: Expected child nodelist length '1' but was '3' - comparing <DPNGPricingResponse...> at /DPNGPricingResponse[1] to <employees...> at /employees[1] (DIFFERENT)
at baseCode.CompareXMLFiles.filterAttributeandComparefiles(CompareXMLFiles.java:87)
at testcases.TestToHitApiNcompareXMLs.hitApiandCompareXML(TestToHitApiNcompareXMLs.java:33)
at java.base/java.util.ArrayList.forEach(ArrayList.java:1540)
... Removed 28 stack frames]]>
    </failure>
  </testcase> <!-- hitApiandCompareXML -->
  <testcase classname="testcases.TestToHitApiNcompareXMLs" name="hitApiandCompareXML" time="0.811">
    <failure type="java.lang.AssertionError" message="Expected child nodelist length &amp;apos;1&amp;apos; but was &amp;apos;3&amp;apos; - comparing &amp;lt;DPNGPricingResponse...&amp;gt; at /DPNGPricingResponse[1] to &amp;lt;employees...&amp;gt; at /employees[1] (DIFFERENT)">
      <![CDATA[java.lang.AssertionError: Expected child nodelist length '1' but was '3' - comparing <DPNGPricingResponse...> at /DPNGPricingResponse[1] to <employees...> at /employees[1] (DIFFERENT)
at baseCode.CompareXMLFiles.filterAttributeandComparefiles(CompareXMLFiles.java:87)
at testcases.TestToHitApiNcompareXMLs.hitApiandCompareXML(TestToHitApiNcompareXMLs.java:33)
at java.base/java.util.ArrayList.forEach(ArrayList.java:1540)
... Removed 28 stack frames]]>
    </failure>
  </testcase> <!-- hitApiandCompareXML -->
  <testcase classname="testcases.TestToHitApiNcompareXMLs" name="hitApiandCompareXML" time="1.983">
    <failure type="java.lang.AssertionError" message="Expected child nodelist length &amp;apos;1&amp;apos; but was &amp;apos;3&amp;apos; - comparing &amp;lt;DPNGPricingResponse...&amp;gt; at /DPNGPricingResponse[1] to &amp;lt;employees...&amp;gt; at /employees[1] (DIFFERENT)">
      <![CDATA[java.lang.AssertionError: Expected child nodelist length '1' but was '3' - comparing <DPNGPricingResponse...> at /DPNGPricingResponse[1] to <employees...> at /employees[1] (DIFFERENT)
at baseCode.CompareXMLFiles.filterAttributeandComparefiles(CompareXMLFiles.java:87)
at testcases.TestToHitApiNcompareXMLs.hitApiandCompareXML(TestToHitApiNcompareXMLs.java:33)
at java.base/java.util.ArrayList.forEach(ArrayList.java:1540)
... Removed 28 stack frames]]>
    </failure>
  </testcase> <!-- hitApiandCompareXML -->
  <testcase classname="testcases.TestToHitApiNcompareXMLs" name="hitApiandCompareXML" time="0.814">
    <failure type="java.lang.AssertionError" message="Expected child nodelist length &amp;apos;1&amp;apos; but was &amp;apos;3&amp;apos; - comparing &amp;lt;DPNGPricingResponse...&amp;gt; at /DPNGPricingResponse[1] to &amp;lt;employees...&amp;gt; at /employees[1] (DIFFERENT)">
      <![CDATA[java.lang.AssertionError: Expected child nodelist length '1' but was '3' - comparing <DPNGPricingResponse...> at /DPNGPricingResponse[1] to <employees...> at /employees[1] (DIFFERENT)
at baseCode.CompareXMLFiles.filterAttributeandComparefiles(CompareXMLFiles.java:87)
at testcases.TestToHitApiNcompareXMLs.hitApiandCompareXML(TestToHitApiNcompareXMLs.java:33)
at java.base/java.util.ArrayList.forEach(ArrayList.java:1540)
... Removed 28 stack frames]]>
    </failure>
  </testcase> <!-- hitApiandCompareXML -->
  <testcase classname="testcases.TestToHitApiNcompareXMLs" name="hitApiandCompareXML" time="0.959">
    <failure type="java.lang.AssertionError" message="Expected child nodelist length &amp;apos;1&amp;apos; but was &amp;apos;3&amp;apos; - comparing &amp;lt;DPNGPricingResponse...&amp;gt; at /DPNGPricingResponse[1] to &amp;lt;employees...&amp;gt; at /employees[1] (DIFFERENT)">
      <![CDATA[java.lang.AssertionError: Expected child nodelist length '1' but was '3' - comparing <DPNGPricingResponse...> at /DPNGPricingResponse[1] to <employees...> at /employees[1] (DIFFERENT)
at baseCode.CompareXMLFiles.filterAttributeandComparefiles(CompareXMLFiles.java:87)
at testcases.TestToHitApiNcompareXMLs.hitApiandCompareXML(TestToHitApiNcompareXMLs.java:33)
at java.base/java.util.ArrayList.forEach(ArrayList.java:1540)
... Removed 28 stack frames]]>
    </failure>
  </testcase> <!-- hitApiandCompareXML -->
  <testcase classname="testcases.TestToHitApiNcompareXMLs" name="hitApiandCompareXML" time="1.865">
    <failure type="java.lang.AssertionError" message="Expected child nodelist length &amp;apos;1&amp;apos; but was &amp;apos;3&amp;apos; - comparing &amp;lt;DPNGPricingResponse...&amp;gt; at /DPNGPricingResponse[1] to &amp;lt;employees...&amp;gt; at /employees[1] (DIFFERENT)">
      <![CDATA[java.lang.AssertionError: Expected child nodelist length '1' but was '3' - comparing <DPNGPricingResponse...> at /DPNGPricingResponse[1] to <employees...> at /employees[1] (DIFFERENT)
at baseCode.CompareXMLFiles.filterAttributeandComparefiles(CompareXMLFiles.java:87)
at testcases.TestToHitApiNcompareXMLs.hitApiandCompareXML(TestToHitApiNcompareXMLs.java:33)
at java.base/java.util.ArrayList.forEach(ArrayList.java:1540)
... Removed 28 stack frames]]>
    </failure>
  </testcase> <!-- hitApiandCompareXML -->
  <testcase classname="testcases.TestToHitApiNcompareXMLs" name="hitApiandCompareXML" time="2.119">
    <failure type="java.lang.AssertionError" message="Expected child nodelist length &amp;apos;1&amp;apos; but was &amp;apos;3&amp;apos; - comparing &amp;lt;DPNGPricingResponse...&amp;gt; at /DPNGPricingResponse[1] to &amp;lt;employees...&amp;gt; at /employees[1] (DIFFERENT)">
      <![CDATA[java.lang.AssertionError: Expected child nodelist length '1' but was '3' - comparing <DPNGPricingResponse...> at /DPNGPricingResponse[1] to <employees...> at /employees[1] (DIFFERENT)
at baseCode.CompareXMLFiles.filterAttributeandComparefiles(CompareXMLFiles.java:87)
at testcases.TestToHitApiNcompareXMLs.hitApiandCompareXML(TestToHitApiNcompareXMLs.java:33)
at java.base/java.util.ArrayList.forEach(ArrayList.java:1540)
... Removed 28 stack frames]]>
    </failure>
  </testcase> <!-- hitApiandCompareXML -->
  <testcase classname="testcases.TestToHitApiNcompareXMLs" name="hitApiandCompareXML" time="0.857">
    <failure type="java.lang.AssertionError" message="Expected child nodelist length &amp;apos;1&amp;apos; but was &amp;apos;3&amp;apos; - comparing &amp;lt;foo...&amp;gt; at /foo[1] to &amp;lt;employees...&amp;gt; at /employees[1] (DIFFERENT)">
      <![CDATA[java.lang.AssertionError: Expected child nodelist length '1' but was '3' - comparing <foo...> at /foo[1] to <employees...> at /employees[1] (DIFFERENT)
at baseCode.CompareXMLFiles.filterAttributeandComparefiles(CompareXMLFiles.java:87)
at testcases.TestToHitApiNcompareXMLs.hitApiandCompareXML(TestToHitApiNcompareXMLs.java:33)
at java.base/java.util.ArrayList.forEach(ArrayList.java:1540)
... Removed 28 stack frames]]>
    </failure>
  </testcase> <!-- hitApiandCompareXML -->
  <testcase classname="testcases.TestToHitApiNcompareXMLs" name="hitApiandCompareXML" time="2.455">
    <failure type="java.lang.AssertionError" message="Expected child nodelist length &amp;apos;1&amp;apos; but was &amp;apos;3&amp;apos; - comparing &amp;lt;DPNGPricingResponse...&amp;gt; at /DPNGPricingResponse[1] to &amp;lt;employees...&amp;gt; at /employees[1] (DIFFERENT)">
      <![CDATA[java.lang.AssertionError: Expected child nodelist length '1' but was '3' - comparing <DPNGPricingResponse...> at /DPNGPricingResponse[1] to <employees...> at /employees[1] (DIFFERENT)
at baseCode.CompareXMLFiles.filterAttributeandComparefiles(CompareXMLFiles.java:87)
at testcases.TestToHitApiNcompareXMLs.hitApiandCompareXML(TestToHitApiNcompareXMLs.java:33)
at java.base/java.util.ArrayList.forEach(ArrayList.java:1540)
... Removed 28 stack frames]]>
    </failure>
  </testcase> <!-- hitApiandCompareXML -->
  <testcase classname="testcases.TestToHitApiNcompareXMLs" name="hitApiandCompareXML" time="0.005">
    <skipped/>
  </testcase> <!-- hitApiandCompareXML -->
  <testcase classname="testcases.TestToHitApiNcompareXMLs" name="hitApiandCompareXML" time="2.179">
    <failure type="java.lang.AssertionError" message="Expected child nodelist length &amp;apos;1&amp;apos; but was &amp;apos;3&amp;apos; - comparing &amp;lt;DPNGPricingResponse...&amp;gt; at /DPNGPricingResponse[1] to &amp;lt;employees...&amp;gt; at /employees[1] (DIFFERENT)">
      <![CDATA[java.lang.AssertionError: Expected child nodelist length '1' but was '3' - comparing <DPNGPricingResponse...> at /DPNGPricingResponse[1] to <employees...> at /employees[1] (DIFFERENT)
at baseCode.CompareXMLFiles.filterAttributeandComparefiles(CompareXMLFiles.java:87)
at testcases.TestToHitApiNcompareXMLs.hitApiandCompareXML(TestToHitApiNcompareXMLs.java:33)
at java.base/java.util.ArrayList.forEach(ArrayList.java:1540)
... Removed 28 stack frames]]>
    </failure>
  </testcase> <!-- hitApiandCompareXML -->
  <testcase classname="testcases.TestToHitApiNcompareXMLs" name="hitApiandCompareXML" time="2.003">
    <failure type="java.lang.AssertionError" message="Expected child nodelist length &amp;apos;1&amp;apos; but was &amp;apos;3&amp;apos; - comparing &amp;lt;DPNGPricingResponse...&amp;gt; at /DPNGPricingResponse[1] to &amp;lt;employees...&amp;gt; at /employees[1] (DIFFERENT)">
      <![CDATA[java.lang.AssertionError: Expected child nodelist length '1' but was '3' - comparing <DPNGPricingResponse...> at /DPNGPricingResponse[1] to <employees...> at /employees[1] (DIFFERENT)
at baseCode.CompareXMLFiles.filterAttributeandComparefiles(CompareXMLFiles.java:87)
at testcases.TestToHitApiNcompareXMLs.hitApiandCompareXML(TestToHitApiNcompareXMLs.java:33)
at java.base/java.util.ArrayList.forEach(ArrayList.java:1540)
... Removed 28 stack frames]]>
    </failure>
  </testcase> <!-- hitApiandCompareXML -->
  <testcase classname="testcases.TestToHitApiNcompareXMLs" name="hitApiandCompareXML" time="0.873">
    <failure type="java.lang.AssertionError" message="Expected child nodelist length &amp;apos;1&amp;apos; but was &amp;apos;3&amp;apos; - comparing &amp;lt;DPNGPricingResponse...&amp;gt; at /DPNGPricingResponse[1] to &amp;lt;employees...&amp;gt; at /employees[1] (DIFFERENT)">
      <![CDATA[java.lang.AssertionError: Expected child nodelist length '1' but was '3' - comparing <DPNGPricingResponse...> at /DPNGPricingResponse[1] to <employees...> at /employees[1] (DIFFERENT)
at baseCode.CompareXMLFiles.filterAttributeandComparefiles(CompareXMLFiles.java:87)
at testcases.TestToHitApiNcompareXMLs.hitApiandCompareXML(TestToHitApiNcompareXMLs.java:33)
at java.base/java.util.ArrayList.forEach(ArrayList.java:1540)
... Removed 28 stack frames]]>
    </failure>
  </testcase> <!-- hitApiandCompareXML -->
  <testcase classname="testcases.TestToHitApiNcompareXMLs" name="hitApiandCompareXML" time="0.7">
    <failure type="java.lang.AssertionError" message="Expected child nodelist length &amp;apos;1&amp;apos; but was &amp;apos;3&amp;apos; - comparing &amp;lt;DPNGPricingResponse...&amp;gt; at /DPNGPricingResponse[1] to &amp;lt;employees...&amp;gt; at /employees[1] (DIFFERENT)">
      <![CDATA[java.lang.AssertionError: Expected child nodelist length '1' but was '3' - comparing <DPNGPricingResponse...> at /DPNGPricingResponse[1] to <employees...> at /employees[1] (DIFFERENT)
at baseCode.CompareXMLFiles.filterAttributeandComparefiles(CompareXMLFiles.java:87)
at testcases.TestToHitApiNcompareXMLs.hitApiandCompareXML(TestToHitApiNcompareXMLs.java:33)
at java.base/java.util.ArrayList.forEach(ArrayList.java:1540)
... Removed 28 stack frames]]>
    </failure>
  </testcase> <!-- hitApiandCompareXML -->
  <testcase classname="testcases.TestToHitApiNcompareXMLs" name="hitApiandCompareXML" time="1.931">
    <failure type="java.lang.AssertionError" message="Expected child nodelist length &amp;apos;1&amp;apos; but was &amp;apos;3&amp;apos; - comparing &amp;lt;DPNGPricingResponse...&amp;gt; at /DPNGPricingResponse[1] to &amp;lt;employees...&amp;gt; at /employees[1] (DIFFERENT)">
      <![CDATA[java.lang.AssertionError: Expected child nodelist length '1' but was '3' - comparing <DPNGPricingResponse...> at /DPNGPricingResponse[1] to <employees...> at /employees[1] (DIFFERENT)
at baseCode.CompareXMLFiles.filterAttributeandComparefiles(CompareXMLFiles.java:87)
at testcases.TestToHitApiNcompareXMLs.hitApiandCompareXML(TestToHitApiNcompareXMLs.java:33)
at java.base/java.util.ArrayList.forEach(ArrayList.java:1540)
... Removed 27 stack frames]]>
    </failure>
  </testcase> <!-- hitApiandCompareXML -->
  <testcase classname="testcases.TestToHitApiNcompareXMLs" name="hitApiandCompareXML" time="1.015">
    <failure type="java.lang.AssertionError" message="Expected child nodelist length &amp;apos;1&amp;apos; but was &amp;apos;3&amp;apos; - comparing &amp;lt;DPNGPricingResponse...&amp;gt; at /DPNGPricingResponse[1] to &amp;lt;employees...&amp;gt; at /employees[1] (DIFFERENT)">
      <![CDATA[java.lang.AssertionError: Expected child nodelist length '1' but was '3' - comparing <DPNGPricingResponse...> at /DPNGPricingResponse[1] to <employees...> at /employees[1] (DIFFERENT)
at baseCode.CompareXMLFiles.filterAttributeandComparefiles(CompareXMLFiles.java:87)
at testcases.TestToHitApiNcompareXMLs.hitApiandCompareXML(TestToHitApiNcompareXMLs.java:33)
at java.base/java.util.ArrayList.forEach(ArrayList.java:1540)
... Removed 27 stack frames]]>
    </failure>
  </testcase> <!-- hitApiandCompareXML -->
  <testcase classname="testcases.TestToHitApiNcompareXMLs" name="hitApiandCompareXML" time="0.79">
    <failure type="java.lang.AssertionError" message="Expected child nodelist length &amp;apos;1&amp;apos; but was &amp;apos;3&amp;apos; - comparing &amp;lt;DPNGPricingResponse...&amp;gt; at /DPNGPricingResponse[1] to &amp;lt;employees...&amp;gt; at /employees[1] (DIFFERENT)">
      <![CDATA[java.lang.AssertionError: Expected child nodelist length '1' but was '3' - comparing <DPNGPricingResponse...> at /DPNGPricingResponse[1] to <employees...> at /employees[1] (DIFFERENT)
at baseCode.CompareXMLFiles.filterAttributeandComparefiles(CompareXMLFiles.java:87)
at testcases.TestToHitApiNcompareXMLs.hitApiandCompareXML(TestToHitApiNcompareXMLs.java:33)
at java.base/java.util.ArrayList.forEach(ArrayList.java:1540)
... Removed 27 stack frames]]>
    </failure>
  </testcase> <!-- hitApiandCompareXML -->
  <testcase classname="testcases.TestToHitApiNcompareXMLs" name="hitApiandCompareXML" time="2.033">
    <failure type="java.lang.AssertionError" message="Expected child nodelist length &amp;apos;1&amp;apos; but was &amp;apos;3&amp;apos; - comparing &amp;lt;DPNGPricingResponse...&amp;gt; at /DPNGPricingResponse[1] to &amp;lt;employees...&amp;gt; at /employees[1] (DIFFERENT)">
      <![CDATA[java.lang.AssertionError: Expected child nodelist length '1' but was '3' - comparing <DPNGPricingResponse...> at /DPNGPricingResponse[1] to <employees...> at /employees[1] (DIFFERENT)
at baseCode.CompareXMLFiles.filterAttributeandComparefiles(CompareXMLFiles.java:87)
at testcases.TestToHitApiNcompareXMLs.hitApiandCompareXML(TestToHitApiNcompareXMLs.java:33)
at java.base/java.util.ArrayList.forEach(ArrayList.java:1540)
... Removed 27 stack frames]]>
    </failure>
  </testcase> <!-- hitApiandCompareXML -->
  <testcase classname="testcases.TestToHitApiNcompareXMLs" name="hitApiandCompareXML" time="2.603">
    <failure type="java.lang.AssertionError" message="Expected child nodelist length &amp;apos;1&amp;apos; but was &amp;apos;3&amp;apos; - comparing &amp;lt;DPNGPricingResponse...&amp;gt; at /DPNGPricingResponse[1] to &amp;lt;employees...&amp;gt; at /employees[1] (DIFFERENT)">
      <![CDATA[java.lang.AssertionError: Expected child nodelist length '1' but was '3' - comparing <DPNGPricingResponse...> at /DPNGPricingResponse[1] to <employees...> at /employees[1] (DIFFERENT)
at baseCode.CompareXMLFiles.filterAttributeandComparefiles(CompareXMLFiles.java:87)
at testcases.TestToHitApiNcompareXMLs.hitApiandCompareXML(TestToHitApiNcompareXMLs.java:33)
at java.base/java.util.ArrayList.forEach(ArrayList.java:1540)
... Removed 27 stack frames]]>
    </failure>
  </testcase> <!-- hitApiandCompareXML -->
  <testcase classname="testcases.TestToHitApiNcompareXMLs" name="hitApiandCompareXML" time="2.153">
    <failure type="java.lang.AssertionError" message="Expected child nodelist length &amp;apos;1&amp;apos; but was &amp;apos;3&amp;apos; - comparing &amp;lt;foo...&amp;gt; at /foo[1] to &amp;lt;employees...&amp;gt; at /employees[1] (DIFFERENT)">
      <![CDATA[java.lang.AssertionError: Expected child nodelist length '1' but was '3' - comparing <foo...> at /foo[1] to <employees...> at /employees[1] (DIFFERENT)
at baseCode.CompareXMLFiles.filterAttributeandComparefiles(CompareXMLFiles.java:87)
at testcases.TestToHitApiNcompareXMLs.hitApiandCompareXML(TestToHitApiNcompareXMLs.java:33)
at java.base/java.util.ArrayList.forEach(ArrayList.java:1540)
... Removed 27 stack frames]]>
    </failure>
  </testcase> <!-- hitApiandCompareXML -->
  <testcase classname="testcases.TestToHitApiNcompareXMLs" name="hitApiandCompareXML" time="1.917">
    <failure type="java.lang.AssertionError" message="Expected child nodelist length &amp;apos;1&amp;apos; but was &amp;apos;3&amp;apos; - comparing &amp;lt;DPNGPricingResponse...&amp;gt; at /DPNGPricingResponse[1] to &amp;lt;employees...&amp;gt; at /employees[1] (DIFFERENT)">
      <![CDATA[java.lang.AssertionError: Expected child nodelist length '1' but was '3' - comparing <DPNGPricingResponse...> at /DPNGPricingResponse[1] to <employees...> at /employees[1] (DIFFERENT)
at baseCode.CompareXMLFiles.filterAttributeandComparefiles(CompareXMLFiles.java:87)
at testcases.TestToHitApiNcompareXMLs.hitApiandCompareXML(TestToHitApiNcompareXMLs.java:33)
at java.base/java.util.ArrayList.forEach(ArrayList.java:1540)
... Removed 27 stack frames]]>
    </failure>
  </testcase> <!-- hitApiandCompareXML -->
  <testcase classname="testcases.TestToHitApiNcompareXMLs" name="hitApiandCompareXML" time="0.004">
    <skipped/>
  </testcase> <!-- hitApiandCompareXML -->
</testsuite> <!-- HitApi,compareXMl,TD-CSV -->
