<?xml version="1.0" encoding="UTF-8"?>
<!-- Generated by org.testng.reporters.JUnitXMLReporter -->
<testsuite ignored="0" hostname="BRILAP4138" failures="2" tests="9" name="SIXTest_CSV" time="0.301" errors="0" timestamp="2022-03-28T08:44:17 IST">
  <testcase classname="testcases.TestToCompareLogFiles" name="logcompareTest1" time="0.071">
    <failure type="java.lang.AssertionError" message="expected [false] but found [true]">
      <![CDATA[java.lang.AssertionError: expected [false] but found [true]
at testcases.TestToCompareLogFiles.logcompareTest1(TestToCompareLogFiles.java:36)
at java.base/java.util.ArrayList.forEach(ArrayList.java:1540)
... Removed 31 stack frames]]>
    </failure>
  </testcase> <!-- logcompareTest1 -->
  <testcase classname="testcases.TestToCompareLogFiles" name="logcompareTest1" time="0.034">
    <failure type="java.lang.AssertionError" message="expected [false] but found [true]">
      <![CDATA[java.lang.AssertionError: expected [false] but found [true]
at testcases.TestToCompareLogFiles.logcompareTest1(TestToCompareLogFiles.java:36)
at java.base/java.util.ArrayList.forEach(ArrayList.java:1540)
... Removed 31 stack frames]]>
    </failure>
  </testcase> <!-- logcompareTest1 -->
  <testcase classname="testcases.TestToCompareLogFiles" name="logcompareTest1" time="0.021">
    <skipped/>
  </testcase> <!-- logcompareTest1 -->
  <testcase classname="testcases.TestToCompareLogFiles" name="logcompareTest1" time="0.013">
    <skipped/>
  </testcase> <!-- logcompareTest1 -->
  <testcase classname="testcases.TestToCompareLogFiles" name="logcompareTest1" time="0.005">
    <skipped/>
  </testcase> <!-- logcompareTest1 -->
  <testcase classname="testcases.TestToCompareLogFiles" name="logcompareTest1" time="0.031"/>
  <testcase classname="testcases.TestToCompareLogFiles" name="logcompareTest1" time="0.016"/>
  <testcase classname="testcases.TestToCompareLogFiles" name="logcompareTest1" time="0.014"/>
  <testcase classname="testcases.TestToCompareLogFiles" name="logcompareTest1" time="0.018"/>
</testsuite> <!-- SIXTest_CSV -->
