<?xml version="1.0" encoding="UTF-8"?>
<!-- Generated by org.testng.reporters.JUnitXMLReporter -->
<testsuite ignored="0" hostname="VDXMP087727PR" failures="2" tests="6" name="SIXTH_CSV" time="0.221" errors="0" timestamp="2022-03-10T14:53:33 IST">
  <testcase classname="testcases.LogComp" name="logcompareTest1" time="0.067">
    <failure type="java.lang.AssertionError" message="null">
      <![CDATA[java.lang.AssertionError: null
at baseCode.CompareTextFile.logcomparision(CompareTextFile.java:48)
at testcases.LogComp.logcompareTest1(LogComp.java:29)
at java.base/java.util.ArrayList.forEach(ArrayList.java:1511)
... Removed 29 stack frames]]>
    </failure>
  </testcase> <!-- logcompareTest1 -->
  <testcase classname="testcases.LogComp" name="logcompareTest1" time="0.007">
    <failure type="java.lang.AssertionError" message="null">
      <![CDATA[java.lang.AssertionError: null
at baseCode.CompareTextFile.logcomparision(CompareTextFile.java:48)
at testcases.LogComp.logcompareTest1(LogComp.java:29)
at java.base/java.util.ArrayList.forEach(ArrayList.java:1511)
... Removed 29 stack frames]]>
    </failure>
  </testcase> <!-- logcompareTest1 -->
  <testcase classname="testcases.LogComp" name="logcompareTest1" time="0.009">
    <skipped/>
  </testcase> <!-- logcompareTest1 -->
  <testcase classname="testcases.LogComp" name="logcompareTest1" time="0.009">
    <skipped/>
  </testcase> <!-- logcompareTest1 -->
  <testcase classname="testcases.LogComp" name="logcompareTest1" time="0.007">
    <skipped/>
  </testcase> <!-- logcompareTest1 -->
  <testcase classname="testcases.LogComp" name="logcompareTest1" time="0.009"/>
</testsuite> <!-- SIXTH_CSV -->
