<?xml version="1.0" encoding="UTF-8"?>
<!-- Generated by org.testng.reporters.JUnitXMLReporter -->
<testsuite ignored="0" hostname="VDXMP087746PR" failures="6" tests="8" name="Thirdtest" time="0.635" errors="0" timestamp="2022-02-18T11:48:40 IST">
  <testcase classname="testcases.Test3" name="testcaseimplement2" time="0.088">
    <failure type="java.lang.AssertionError" message="Expected child nodelist length &amp;apos;7&amp;apos; but was &amp;apos;5&amp;apos; - comparing &amp;lt;Reports...&amp;gt; at /DPNGPricingResponse[1]/WorkRequests[1]/WorkRequest[2]/Reports[1] to &amp;lt;Reports...&amp;gt; at /DPNGPricingResponse[1]/WorkRequests[1]/WorkRequest[2]/Reports[1] (DIFFERENT)">
      <![CDATA[java.lang.AssertionError: Expected child nodelist length '7' but was '5' - comparing <Reports...> at /DPNGPricingResponse[1]/WorkRequests[1]/WorkRequest[2]/Reports[1] to <Reports...> at /DPNGPricingResponse[1]/WorkRequests[1]/WorkRequest[2]/Reports[1] (DIFFERENT)
at baseCode.CompareXMLFiles.filterAttributeandComparefiles(CompareXMLFiles.java:79)
at testcases.Test3.testcaseimplement2(Test3.java:27)
at java.base/java.util.ArrayList.forEach(ArrayList.java:1511)
... Removed 28 stack frames]]>
    </failure>
  </testcase> <!-- testcaseimplement2 -->
  <testcase classname="testcases.Test3" name="testcaseimplement2" time="0.051"/>
  <testcase classname="testcases.Test3" name="testcaseimplement2" time="0.062">
    <failure type="java.lang.AssertionError" message="Expected child nodelist length &amp;apos;5&amp;apos; but was &amp;apos;7&amp;apos; - comparing &amp;lt;Reports...&amp;gt; at /DPNGPricingResponse[1]/WorkRequests[1]/WorkRequest[1]/Reports[1] to &amp;lt;Reports...&amp;gt; at /DPNGPricingResponse[1]/WorkRequests[1]/WorkRequest[1]/Reports[1] (DIFFERENT)">
      <![CDATA[java.lang.AssertionError: Expected child nodelist length '5' but was '7' - comparing <Reports...> at /DPNGPricingResponse[1]/WorkRequests[1]/WorkRequest[1]/Reports[1] to <Reports...> at /DPNGPricingResponse[1]/WorkRequests[1]/WorkRequest[1]/Reports[1] (DIFFERENT)
at baseCode.CompareXMLFiles.filterAttributeandComparefiles(CompareXMLFiles.java:79)
at testcases.Test3.testcaseimplement2(Test3.java:27)
at java.base/java.util.ArrayList.forEach(ArrayList.java:1511)
... Removed 28 stack frames]]>
    </failure>
  </testcase> <!-- testcaseimplement2 -->
  <testcase classname="testcases.Test3" name="testcaseimplement2" time="0.057">
    <failure type="java.lang.AssertionError" message="expected [false] but found [true]">
      <![CDATA[java.lang.AssertionError: expected [false] but found [true]
at testcases.Test3.testcaseimplement2(Test3.java:34)
at java.base/java.util.ArrayList.forEach(ArrayList.java:1511)
... Removed 31 stack frames]]>
    </failure>
  </testcase> <!-- testcaseimplement2 -->
  <testcase classname="testcases.Test3" name="testcaseimplement2" time="0.06">
    <failure type="java.lang.AssertionError" message="expected [false] but found [true]">
      <![CDATA[java.lang.AssertionError: expected [false] but found [true]
at testcases.Test3.testcaseimplement2(Test3.java:34)
at java.base/java.util.ArrayList.forEach(ArrayList.java:1511)
... Removed 31 stack frames]]>
    </failure>
  </testcase> <!-- testcaseimplement2 -->
  <testcase classname="testcases.Test3" name="testcaseimplement2" time="0.078"/>
  <testcase classname="testcases.Test3" name="testcaseimplement2" time="0.05">
    <failure type="java.lang.AssertionError" message="Expected child nodelist length &amp;apos;7&amp;apos; but was &amp;apos;5&amp;apos; - comparing &amp;lt;Reports...&amp;gt; at /DPNGPricingResponse[1]/WorkRequests[1]/WorkRequest[2]/Reports[1] to &amp;lt;Reports...&amp;gt; at /DPNGPricingResponse[1]/WorkRequests[1]/WorkRequest[2]/Reports[1] (DIFFERENT)">
      <![CDATA[java.lang.AssertionError: Expected child nodelist length '7' but was '5' - comparing <Reports...> at /DPNGPricingResponse[1]/WorkRequests[1]/WorkRequest[2]/Reports[1] to <Reports...> at /DPNGPricingResponse[1]/WorkRequests[1]/WorkRequest[2]/Reports[1] (DIFFERENT)
at baseCode.CompareXMLFiles.filterAttributeandComparefiles(CompareXMLFiles.java:79)
at testcases.Test3.testcaseimplement2(Test3.java:27)
at java.base/java.util.ArrayList.forEach(ArrayList.java:1511)
... Removed 28 stack frames]]>
    </failure>
  </testcase> <!-- testcaseimplement2 -->
  <testcase classname="testcases.Test3" name="testcaseimplement2" time="0.129">
    <failure type="java.lang.AssertionError" message="Expected child nodelist length &amp;apos;5&amp;apos; but was &amp;apos;7&amp;apos; - comparing &amp;lt;Reports...&amp;gt; at /DPNGPricingResponse[1]/WorkRequests[1]/WorkRequest[1]/Reports[1] to &amp;lt;Reports...&amp;gt; at /DPNGPricingResponse[1]/WorkRequests[1]/WorkRequest[1]/Reports[1] (DIFFERENT)">
      <![CDATA[java.lang.AssertionError: Expected child nodelist length '5' but was '7' - comparing <Reports...> at /DPNGPricingResponse[1]/WorkRequests[1]/WorkRequest[1]/Reports[1] to <Reports...> at /DPNGPricingResponse[1]/WorkRequests[1]/WorkRequest[1]/Reports[1] (DIFFERENT)
at baseCode.CompareXMLFiles.filterAttributeandComparefiles(CompareXMLFiles.java:79)
at testcases.Test3.testcaseimplement2(Test3.java:27)
at java.base/java.util.ArrayList.forEach(ArrayList.java:1511)
... Removed 28 stack frames]]>
    </failure>
  </testcase> <!-- testcaseimplement2 -->
</testsuite> <!-- Thirdtest -->
