<?xml version="1.0" encoding="UTF-8"?>
<testng-results ignored="0" total="1" passed="1" failed="0" skipped="0">
  <reporter-output>
  </reporter-output>
  <suite started-at="2022-05-16T13:25:02 IST" name="Suite" finished-at="2022-05-16T13:25:02 IST" duration-ms="503">
    <groups>
    </groups>
    <test started-at="2022-05-16T13:25:02 IST" name="CSV,compareXML" finished-at="2022-05-16T13:25:02 IST" duration-ms="503">
      <class name="testcases.TestToCompareXMLFiles">
        <test-method signature="testcase3(java.lang.String,java.lang.String,java.lang.String)[pri:0, instance:testcases.TestToCompareXMLFiles@7b8b43c7]" started-at="2022-05-16T13:25:02 IST" name="testcase3" description="Comparison of UG case" data-provider="dp" finished-at="2022-05-16T13:25:02 IST" duration-ms="433" status="PASS">
          <params>
            <param index="0">
              <value>
                <![CDATA[dpngsource]]>
              </value>
            </param>
            <param index="1">
              <value>
                <![CDATA[dpngsource]]>
              </value>
            </param>
            <param index="2">
              <value>
                <![CDATA[worktype1]]>
              </value>
            </param>
          </params>
          <reporter-output>
          </reporter-output>
        </test-method> <!-- testcase3 -->
      </class> <!-- testcases.TestToCompareXMLFiles -->
    </test> <!-- CSV,compareXML -->
  </suite> <!-- Suite -->
</testng-results>
