<?xml version="1.0" encoding="UTF-8"?>
<!-- Generated by org.testng.reporters.JUnitXMLReporter -->
<testsuite ignored="0" hostname="BRILAP4327" failures="2" tests="6" name="CompareTest3" time="4.247" errors="0" timestamp="2022-01-11T20:12:49 IST">
  <testcase classname="testdesignsgenerated.TestThirdDesignStream" name="ValidateTheSecondScenarioXMLcomparsion" time="0.851"/>
  <testcase classname="testdesignsgenerated.TestThirdDesignStream" name="ValidateTheSecondScenarioXMLcomparsion" time="0.21"/>
  <testcase classname="testdesignsgenerated.TestThirdDesignStream" name="ValidateTheSecondScenarioXMLcomparsion" time="0.063"/>
  <testcase classname="testdesignsgenerated.TestThirdDesignStream" name="ValidateTheSecondScenarioXMLcomparsion" time="0.056"/>
  <testcase classname="testdesignsgenerated.TestThirdDesignStream" name="cDoLogin" time="0.007">
    <failure type="java.lang.AssertionError" message="null">
      <![CDATA[java.lang.AssertionError: null
at testdesignsgenerated.TestThirdDesignStream.cDoLogin(TestThirdDesignStream.java:28)
at java.base/java.util.ArrayList.forEach(ArrayList.java:1511)
... Removed 29 stack frames]]>
    </failure>
  </testcase> <!-- cDoLogin -->
  <testcase classname="testdesignsgenerated.TestThirdDesignStream" name="dDoLogin" time="0.001">
    <failure type="java.lang.AssertionError" message="null">
      <![CDATA[java.lang.AssertionError: null
at testdesignsgenerated.TestThirdDesignStream.dDoLogin(TestThirdDesignStream.java:34)
at java.base/java.util.ArrayList.forEach(ArrayList.java:1511)
... Removed 29 stack frames]]>
    </failure>
  </testcase> <!-- dDoLogin -->
</testsuite> <!-- CompareTest3 -->
