<?xml version="1.0" encoding="UTF-8"?>
<!-- Generated by org.testng.reporters.JUnitXMLReporter -->
<testsuite ignored="1" hostname="BRILAP4327" failures="12" tests="14" name="CompareTest1" time="2.522" errors="0" timestamp="2022-01-11T17:35:44 IST">
  <testcase classname="testdesignsgenerated.TestFirstDesignStream" name="aDoLogin" time="0.013">
    <failure type="java.lang.AssertionError" message="null">
      <![CDATA[java.lang.AssertionError: null
at testdesignsgenerated.TestFirstDesignStream.aDoLogin(TestFirstDesignStream.java:23)
at java.base/java.util.ArrayList.forEach(ArrayList.java:1511)
... Removed 29 stack frames]]>
    </failure>
  </testcase> <!-- aDoLogin -->
  <testcase classname="testdesignsgenerated.TestFirstDesignStream" name="cDoLogin" time="0.001">
    <failure type="java.lang.AssertionError" message="null">
      <![CDATA[java.lang.AssertionError: null
at testdesignsgenerated.TestFirstDesignStream.cDoLogin(TestFirstDesignStream.java:29)
at java.base/java.util.ArrayList.forEach(ArrayList.java:1511)
... Removed 29 stack frames]]>
    </failure>
  </testcase> <!-- cDoLogin -->
  <testcase classname="testdesignsgenerated.TestSecondDesignStream" name="ValidateTheSecondScenarioXMLcomparsion" time="0.312">
    <failure type="java.lang.AssertionError" message="test failed">
      <![CDATA[java.lang.AssertionError: test failed
at baseCodePool.CompareXMLFiles.ignoreTheDesiredAttributesAndCompare(CompareXMLFiles.java:48)
at testdesignsgenerated.TestSecondDesignStream.ValidateTheSecondScenarioXMLcomparsion(TestSecondDesignStream.java:36)
at java.base/java.util.ArrayList.forEach(ArrayList.java:1511)
... Removed 28 stack frames]]>
    </failure>
  </testcase> <!-- ValidateTheSecondScenarioXMLcomparsion -->
  <testcase classname="testdesignsgenerated.TestSecondDesignStream" name="ValidateTheSecondScenarioXMLcomparsion" time="0.074">
    <failure type="java.lang.AssertionError" message="test failed">
      <![CDATA[java.lang.AssertionError: test failed
at baseCodePool.CompareXMLFiles.ignoreTheDesiredAttributesAndCompare(CompareXMLFiles.java:48)
at testdesignsgenerated.TestSecondDesignStream.ValidateTheSecondScenarioXMLcomparsion(TestSecondDesignStream.java:36)
at java.base/java.util.ArrayList.forEach(ArrayList.java:1511)
... Removed 28 stack frames]]>
    </failure>
  </testcase> <!-- ValidateTheSecondScenarioXMLcomparsion -->
  <testcase classname="testdesignsgenerated.TestSecondDesignStream" name="ValidateTheSecondScenarioXMLcomparsion" time="0.042">
    <failure type="java.lang.AssertionError" message="test failed">
      <![CDATA[java.lang.AssertionError: test failed
at baseCodePool.CompareXMLFiles.ignoreTheDesiredAttributesAndCompare(CompareXMLFiles.java:48)
at testdesignsgenerated.TestSecondDesignStream.ValidateTheSecondScenarioXMLcomparsion(TestSecondDesignStream.java:36)
at java.base/java.util.ArrayList.forEach(ArrayList.java:1511)
... Removed 28 stack frames]]>
    </failure>
  </testcase> <!-- ValidateTheSecondScenarioXMLcomparsion -->
  <testcase classname="testdesignsgenerated.TestSecondDesignStream" name="ValidateTheSecondScenarioXMLcomparsion" time="0.027"/>
  <testcase classname="testdesignsgenerated.TestSecondDesignStream" name="aDoLogin" time="0.001">
    <failure type="java.lang.AssertionError" message="null">
      <![CDATA[java.lang.AssertionError: null
at testdesignsgenerated.TestSecondDesignStream.aDoLogin(TestSecondDesignStream.java:22)
at java.base/java.util.ArrayList.forEach(ArrayList.java:1511)
... Removed 29 stack frames]]>
    </failure>
  </testcase> <!-- aDoLogin -->
  <testcase classname="testdesignsgenerated.TestSecondDesignStream" name="bDoLogin" time="0.0">
    <failure type="java.lang.AssertionError" message="null">
      <![CDATA[java.lang.AssertionError: null
at testdesignsgenerated.TestSecondDesignStream.bDoLogin(TestSecondDesignStream.java:28)
at java.base/java.util.ArrayList.forEach(ArrayList.java:1511)
... Removed 29 stack frames]]>
    </failure>
  </testcase> <!-- bDoLogin -->
  <testcase classname="testdesignsgenerated.TestThirdDesignStream" name="ValidateTheSecondScenarioXMLcomparsion" time="0.079">
    <failure type="java.lang.AssertionError" message="test failed">
      <![CDATA[java.lang.AssertionError: test failed
at testdesignsgenerated.TestThirdDesignStream.ValidateTheSecondScenarioXMLcomparsion(TestThirdDesignStream.java:59)
at java.base/java.util.ArrayList.forEach(ArrayList.java:1511)
... Removed 28 stack frames]]>
    </failure>
  </testcase> <!-- ValidateTheSecondScenarioXMLcomparsion -->
  <testcase classname="testdesignsgenerated.TestThirdDesignStream" name="ValidateTheSecondScenarioXMLcomparsion" time="0.079">
    <failure type="java.lang.AssertionError" message="test failed">
      <![CDATA[java.lang.AssertionError: test failed
at testdesignsgenerated.TestThirdDesignStream.ValidateTheSecondScenarioXMLcomparsion(TestThirdDesignStream.java:59)
at java.base/java.util.ArrayList.forEach(ArrayList.java:1511)
... Removed 28 stack frames]]>
    </failure>
  </testcase> <!-- ValidateTheSecondScenarioXMLcomparsion -->
  <testcase classname="testdesignsgenerated.TestThirdDesignStream" name="ValidateTheSecondScenarioXMLcomparsion" time="0.038">
    <failure type="java.lang.AssertionError" message="test failed">
      <![CDATA[java.lang.AssertionError: test failed
at testdesignsgenerated.TestThirdDesignStream.ValidateTheSecondScenarioXMLcomparsion(TestThirdDesignStream.java:59)
at java.base/java.util.ArrayList.forEach(ArrayList.java:1511)
... Removed 28 stack frames]]>
    </failure>
  </testcase> <!-- ValidateTheSecondScenarioXMLcomparsion -->
  <testcase classname="testdesignsgenerated.TestThirdDesignStream" name="ValidateTheSecondScenarioXMLcomparsion" time="0.066"/>
  <testcase classname="testdesignsgenerated.TestThirdDesignStream" name="aDoLogin" time="0.003">
    <failure type="java.lang.AssertionError" message="null">
      <![CDATA[java.lang.AssertionError: null
at testdesignsgenerated.TestThirdDesignStream.aDoLogin(TestThirdDesignStream.java:25)
at java.base/java.util.ArrayList.forEach(ArrayList.java:1511)
... Removed 29 stack frames]]>
    </failure>
  </testcase> <!-- aDoLogin -->
  <testcase classname="testdesignsgenerated.TestThirdDesignStream" name="bDoLogin" time="0.002">
    <failure type="java.lang.AssertionError" message="null">
      <![CDATA[java.lang.AssertionError: null
at testdesignsgenerated.TestThirdDesignStream.bDoLogin(TestThirdDesignStream.java:30)
at java.base/java.util.ArrayList.forEach(ArrayList.java:1511)
... Removed 29 stack frames]]>
    </failure>
  </testcase> <!-- bDoLogin -->
  <testcase classname="testdesignsgenerated.TestFirstDesignStream" name="ValidateThefristScenarioXMLcomparsion" time="0.0">
    <ignored/>
  </testcase> <!-- ValidateThefristScenarioXMLcomparsion -->
</testsuite> <!-- CompareTest1 -->
