<?xml version="1.0" encoding="UTF-8"?>
<!-- Generated by org.testng.reporters.JUnitXMLReporter -->
<testsuite ignored="0" hostname="BRILAP4138" failures="5" tests="6" name="implement" time="1.549" errors="0" timestamp="2022-01-27T15:35:43 IST">
  <testcase classname="pageObjects.testcaseImplement" name="aDoLogin" time="0.021">
    <failure type="java.lang.AssertionError" message="null">
      <![CDATA[java.lang.AssertionError: null
at pageObjects.testcaseImplement.aDoLogin(testcaseImplement.java:19)
at java.base/java.util.ArrayList.forEach(ArrayList.java:1511)
... Removed 29 stack frames]]>
    </failure>
  </testcase> <!-- aDoLogin -->
  <testcase classname="pageObjects.testcaseImplement" name="cDoLogin" time="0.002">
    <failure type="java.lang.AssertionError" message="null">
      <![CDATA[java.lang.AssertionError: null
at pageObjects.testcaseImplement.cDoLogin(testcaseImplement.java:27)
at java.base/java.util.ArrayList.forEach(ArrayList.java:1511)
... Removed 29 stack frames]]>
    </failure>
  </testcase> <!-- cDoLogin -->
  <testcase classname="pageObjects.testcaseImplement" name="testcaseimplement1" time="0.295">
    <failure type="java.lang.AssertionError" message="expected [false] but found [true]">
      <![CDATA[java.lang.AssertionError: expected [false] but found [true]
at pageObjects.testcaseImplement.testcaseimplement1(testcaseImplement.java:42)
at java.base/java.util.ArrayList.forEach(ArrayList.java:1511)
... Removed 31 stack frames]]>
    </failure>
  </testcase> <!-- testcaseimplement1 -->
  <testcase classname="pageObjects.testcaseImplement" name="testcaseimplement1" time="0.035"/>
  <testcase classname="pageObjects.testcaseImplement" name="testcaseimplement1" time="0.052">
    <failure type="java.lang.AssertionError" message="expected [false] but found [true]">
      <![CDATA[java.lang.AssertionError: expected [false] but found [true]
at pageObjects.testcaseImplement.testcaseimplement1(testcaseImplement.java:42)
at java.base/java.util.ArrayList.forEach(ArrayList.java:1511)
... Removed 31 stack frames]]>
    </failure>
  </testcase> <!-- testcaseimplement1 -->
  <testcase classname="pageObjects.testcaseImplement" name="testcaseimplement1" time="0.017">
    <failure type="org.xmlunit.XMLUnitException" message="Stream Closed">
      <![CDATA[org.xmlunit.XMLUnitException: Stream Closed
at org.xmlunit.util.Convert.toDocument(Convert.java:145)
at org.xmlunit.util.Convert.toDocument(Convert.java:104)
at org.xmlunit.input.WhitespaceStrippedSource.<init>(WhitespaceStrippedSource.java:40)
at org.xmlunit.builder.DiffBuilder.wrap(DiffBuilder.java:421)
at org.xmlunit.builder.DiffBuilder.build(DiffBuilder.java:410)
at pageObjects.ImplementCompareXMLandLog.filterAttributeandComparefiles(ImplementCompareXMLandLog.java:48)
at pageObjects.testcaseImplement.testcaseimplement1(testcaseImplement.java:35)
at java.base/java.util.ArrayList.forEach(ArrayList.java:1511)
Caused by: java.io.IOException: Stream Closed
at java.base/java.io.FileInputStream.read0(Native Method)
at java.base/java.io.FileInputStream.read(FileInputStream.java:228)
at java.xml/com.sun.org.apache.xerces.internal.impl.XMLEntityManager$RewindableInputStream.readAndBuffer(XMLEntityManager.java:3027)
at java.xml/com.sun.org.apache.xerces.internal.impl.XMLEntityManager.setupCurrentEntity(XMLEntityManager.java:705)
at java.xml/com.sun.org.apache.xerces.internal.impl.XMLVersionDetector.determineDocVersion(XMLVersionDetector.java:150)
at java.xml/com.sun.org.apache.xerces.internal.parsers.XML11Configuration.parse(XML11Configuration.java:861)
at java.xml/com.sun.org.apache.xerces.internal.parsers.XML11Configuration.parse(XML11Configuration.java:825)
at java.xml/com.sun.org.apache.xerces.internal.parsers.XMLParser.parse(XMLParser.java:141)
at java.xml/com.sun.org.apache.xerces.internal.parsers.DOMParser.parse(DOMParser.java:247)
at java.xml/com.sun.org.apache.xerces.internal.jaxp.DocumentBuilderImpl.parse(DocumentBuilderImpl.java:342)
at org.xmlunit.util.Convert.toDocument(Convert.java:141)
... 34 more
... Removed 27 stack frames]]>
    </failure>
  </testcase> <!-- testcaseimplement1 -->
</testsuite> <!-- implement -->
